Build started 7/3/2018 7:45:59 PM.
     1>Project "D:\Projects\Corner Cost Project\Corner Cost with 4 images\Live555-V2\IP Cam Processing 19\C++4Camera_code\videostream\videostream.vcxproj" on node 2 (build target(s)).
     1>InitializeBuildStatus:
         Creating "Release\videostream.unsuccessfulbuild" because "AlwaysCreate" was specified.
       ClCompile:
         E:\VS10\VC\bin\CL.exe /c /Ilive555\include /Zi /nologo /W3 /WX- /O2 /Oi /Oy- /GL /D WIN32 /D NDEBUG /D _CONSOLE /D _UNICODE /D UNICODE /Gm- /EHsc /MD /GS /Gy /fp:precise /Zc:wchar_t /Zc:forScope /Fo"Release\\" /Fd"Release\vc100.pdb" /Gd /TP /analyze- /errorReport:prompt main.cpp
         main.cpp
     1>d:\projects\corner cost project\corner cost with 4 images\live555-v2\ip cam processing 19\c++4camera_code\videostream\LIVE555.h(436): warning C4996: 'sprintf': This function or variable may be unsafe. Consider using sprintf_s instead. To disable deprecation, use _CRT_SECURE_NO_WARNINGS. See online help for details.
                 E:\VS10\VC\include\stdio.h(371) : see declaration of 'sprintf'
     1>d:\projects\corner cost project\corner cost with 4 images\live555-v2\ip cam processing 19\c++4camera_code\videostream\LIVE555.h(437): warning C4996: 'fopen': This function or variable may be unsafe. Consider using fopen_s instead. To disable deprecation, use _CRT_SECURE_NO_WARNINGS. See online help for details.
                 E:\VS10\VC\include\stdio.h(234) : see declaration of 'fopen'
     1>d:\projects\corner cost project\corner cost with 4 images\live555-v2\ip cam processing 19\c++4camera_code\videostream\LIVE555.h(529): warning C4996: 'fopen': This function or variable may be unsafe. Consider using fopen_s instead. To disable deprecation, use _CRT_SECURE_NO_WARNINGS. See online help for details.
                 E:\VS10\VC\include\stdio.h(234) : see declaration of 'fopen'
     1>main.cpp(21): warning C4996: 'sprintf': This function or variable may be unsafe. Consider using sprintf_s instead. To disable deprecation, use _CRT_SECURE_NO_WARNINGS. See online help for details.
                 E:\VS10\VC\include\stdio.h(371) : see declaration of 'sprintf'
     1>main.cpp(23): warning C4996: 'fopen': This function or variable may be unsafe. Consider using fopen_s instead. To disable deprecation, use _CRT_SECURE_NO_WARNINGS. See online help for details.
                 E:\VS10\VC\include\stdio.h(234) : see declaration of 'fopen'
     1>main.cpp(33): warning C4244: 'argument' : conversion from 'float' to 'DWORD', possible loss of data
     1>main.cpp(78): warning C4553: '==' : operator has no effect; did you intend '='?
       Link:
         E:\VS10\VC\bin\link.exe /ERRORREPORT:PROMPT /OUT:"D:\Projects\Corner Cost Project\Corner Cost with 4 images\Live555-V2\IP Cam Processing 19\C++4Camera_code\Release\videostream.exe" /INCREMENTAL:NO /NOLOGO /LIBPATH:live555\lib libBasicUsageEnvironment.lib libgroupsock.lib libliveMedia.lib libUsageEnvironment.lib wsock32.lib kernel32.lib user32.lib gdi32.lib winspool.lib comdlg32.lib advapi32.lib shell32.lib ole32.lib oleaut32.lib uuid.lib odbc32.lib odbccp32.lib /MANIFEST /ManifestFile:"Release\videostream.exe.intermediate.manifest" /MANIFESTUAC:"level='asInvoker' uiAccess='false'" /DEBUG /PDB:"D:\Projects\Corner Cost Project\Corner Cost with 4 images\Live555-V2\IP Cam Processing 19\C++4Camera_code\Release\videostream.pdb" /SUBSYSTEM:CONSOLE /OPT:REF /OPT:ICF /LTCG /TLBID:1 /DYNAMICBASE /NXCOMPAT /IMPLIB:"D:\Projects\Corner Cost Project\Corner Cost with 4 images\Live555-V2\IP Cam Processing 19\C++4Camera_code\Release\videostream.lib" /MACHINE:X86 Release\main.obj
         Generating code
         Finished generating code
         videostream.vcxproj -> D:\Projects\Corner Cost Project\Corner Cost with 4 images\Live555-V2\IP Cam Processing 19\C++4Camera_code\Release\videostream.exe
       Manifest:
         C:\Program Files (x86)\Microsoft SDKs\Windows\v7.0A\bin\mt.exe /nologo /verbose /outputresource:"D:\Projects\Corner Cost Project\Corner Cost with 4 images\Live555-V2\IP Cam Processing 19\C++4Camera_code\Release\videostream.exe;#1" /manifest Release\videostream.exe.intermediate.manifest
       FinalizeBuildStatus:
         Deleting file "Release\videostream.unsuccessfulbuild".
         Touching "Release\videostream.lastbuildstate".
     1>Done Building Project "D:\Projects\Corner Cost Project\Corner Cost with 4 images\Live555-V2\IP Cam Processing 19\C++4Camera_code\videostream\videostream.vcxproj" (build target(s)).

Build succeeded.

Time Elapsed 00:00:03.35
