Build started 5/2/2018 10:49:15 PM.
     1>Project "D:\Projects\Corner Cost Project\Corner Cost with 4 images\Live555-V2\IP Cam Processing 14\C++4Camera_code\videostream\videostream.vcxproj" on node 2 (build target(s)).
     1>PrepareForBuild:
         Creating directory "D:\Projects\Corner Cost Project\Corner Cost with 4 images\Live555-V2\IP Cam Processing 14\C++4Camera_code\Debug\".
       InitializeBuildStatus:
         Creating "Debug\videostream.unsuccessfulbuild" because "AlwaysCreate" was specified.
       ClCompile:
         E:\VS10\VC\bin\CL.exe /c /Ilive555\include /Zi /nologo /W3 /WX- /Od /Oy- /D WIN32 /D _DEBUG /D _CONSOLE /D _UNICODE /D UNICODE /Gm /EHsc /RTC1 /MDd /GS /fp:precise /Zc:wchar_t /Zc:forScope /Fo"Debug\\" /Fd"Debug\vc100.pdb" /Gd /TP /analyze- /errorReport:prompt main.cpp
         main.cpp
     1>d:\projects\corner cost project\corner cost with 4 images\live555-v2\ip cam processing 14\c++4camera_code\videostream\LIVE555.h(426): warning C4996: 'sprintf': This function or variable may be unsafe. Consider using sprintf_s instead. To disable deprecation, use _CRT_SECURE_NO_WARNINGS. See online help for details.
                 E:\VS10\VC\include\stdio.h(371) : see declaration of 'sprintf'
     1>d:\projects\corner cost project\corner cost with 4 images\live555-v2\ip cam processing 14\c++4camera_code\videostream\LIVE555.h(427): warning C4996: 'fopen': This function or variable may be unsafe. Consider using fopen_s instead. To disable deprecation, use _CRT_SECURE_NO_WARNINGS. See online help for details.
                 E:\VS10\VC\include\stdio.h(234) : see declaration of 'fopen'
     1>main.cpp(15): warning C4996: 'fopen': This function or variable may be unsafe. Consider using fopen_s instead. To disable deprecation, use _CRT_SECURE_NO_WARNINGS. See online help for details.
                 E:\VS10\VC\include\stdio.h(234) : see declaration of 'fopen'
     1>main.cpp(30): warning C4996: 'fopen': This function or variable may be unsafe. Consider using fopen_s instead. To disable deprecation, use _CRT_SECURE_NO_WARNINGS. See online help for details.
                 E:\VS10\VC\include\stdio.h(234) : see declaration of 'fopen'
     1>main.cpp(44): warning C4996: 'fopen': This function or variable may be unsafe. Consider using fopen_s instead. To disable deprecation, use _CRT_SECURE_NO_WARNINGS. See online help for details.
                 E:\VS10\VC\include\stdio.h(234) : see declaration of 'fopen'
     1>main.cpp(58): warning C4996: 'fopen': This function or variable may be unsafe. Consider using fopen_s instead. To disable deprecation, use _CRT_SECURE_NO_WARNINGS. See online help for details.
                 E:\VS10\VC\include\stdio.h(234) : see declaration of 'fopen'
       ManifestResourceCompile:
         C:\Program Files (x86)\Microsoft SDKs\Windows\v7.0A\bin\rc.exe /nologo /fo"Debug\videostream.exe.embed.manifest.res" Debug\videostream_manifest.rc 
       Link:
         E:\VS10\VC\bin\link.exe /ERRORREPORT:PROMPT /OUT:"D:\Projects\Corner Cost Project\Corner Cost with 4 images\Live555-V2\IP Cam Processing 14\C++4Camera_code\Debug\videostream.exe" /INCREMENTAL /NOLOGO /LIBPATH:live555\lib libBasicUsageEnvironment.lib libgroupsock.lib libliveMedia.lib libUsageEnvironment.lib wsock32.lib kernel32.lib user32.lib gdi32.lib winspool.lib comdlg32.lib advapi32.lib shell32.lib ole32.lib oleaut32.lib uuid.lib odbc32.lib odbccp32.lib /MANIFEST /ManifestFile:"Debug\videostream.exe.intermediate.manifest" /MANIFESTUAC:"level='asInvoker' uiAccess='false'" /DEBUG /PDB:"D:\Projects\Corner Cost Project\Corner Cost with 4 images\Live555-V2\IP Cam Processing 14\C++4Camera_code\Debug\videostream.pdb" /SUBSYSTEM:CONSOLE /TLBID:1 /DYNAMICBASE /NXCOMPAT /IMPLIB:"D:\Projects\Corner Cost Project\Corner Cost with 4 images\Live555-V2\IP Cam Processing 14\C++4Camera_code\Debug\videostream.lib" /MACHINE:X86 Debug\videostream.exe.embed.manifest.res
         Debug\main.obj
     1>libgroupsock.lib(Groupsock.obj) : error LNK2038: mismatch detected for '_ITERATOR_DEBUG_LEVEL': value '0' doesn't match value '2' in main.obj
     1>libgroupsock.lib(NetInterface.obj) : error LNK2038: mismatch detected for '_ITERATOR_DEBUG_LEVEL': value '0' doesn't match value '2' in main.obj
     1>LINK : warning LNK4098: defaultlib 'MSVCRT' conflicts with use of other libs; use /NODEFAULTLIB:library
     1>D:\Projects\Corner Cost Project\Corner Cost with 4 images\Live555-V2\IP Cam Processing 14\C++4Camera_code\Debug\videostream.exe : fatal error LNK1319: 2 mismatches detected
     1>Done Building Project "D:\Projects\Corner Cost Project\Corner Cost with 4 images\Live555-V2\IP Cam Processing 14\C++4Camera_code\videostream\videostream.vcxproj" (build target(s)) -- FAILED.

Build FAILED.

Time Elapsed 00:00:02.83
